{
  message: 'Database is connecting successfully',
  level: 'info',
  label: 'PH',
  timestamp: '2023-06-15T05:33:54.256Z'
}
{
  message: 'Application listening on port 5000',
  level: 'info',
  label: 'PH',
  timestamp: '2023-06-15T05:33:54.265Z'
}
{
  message: 'Database is connecting successfully',
  level: 'info',
  label: 'PH',
  timestamp: '2023-06-15T05:36:51.009Z'
}
{
  message: 'Application listening on port 5000',
  level: 'info',
  label: 'PH',
  timestamp: '2023-06-15T05:36:51.021Z'
}
