{
  message: 'Database is connecting successfully',
  level: 'info',
  label: 'PH',
  timestamp: '2023-06-15T09:05:22.872Z'
}
{
  message: 'Application listening on port 5000',
  level: 'info',
  label: 'PH',
  timestamp: '2023-06-15T09:05:22.881Z'
}
{
  message: 'Database is connecting successfully',
  level: 'info',
  label: 'PH',
  timestamp: '2023-06-15T09:06:05.032Z'
}
{
  message: 'Application listening on port 5000',
  level: 'info',
  label: 'PH',
  timestamp: '2023-06-15T09:06:05.038Z'
}
{
  message: 'Database is connecting successfully',
  level: 'info',
  label: 'PH',
  timestamp: '2023-06-15T09:06:29.325Z'
}
{
  message: 'Application listening on port 5000',
  level: 'info',
  label: 'PH',
  timestamp: '2023-06-15T09:06:29.337Z'
}
{
  message: 'Database is connecting successfully',
  level: 'info',
  label: 'PH',
  timestamp: '2023-06-15T09:08:42.115Z'
}
{
  message: 'Application listening on port 5000',
  level: 'info',
  label: 'PH',
  timestamp: '2023-06-15T09:08:42.124Z'
}
{
  message: 'Database is connecting successfully',
  level: 'info',
  label: 'PH',
  timestamp: '2023-06-15T09:11:12.834Z'
}
{
  message: 'Application listening on port 5000',
  level: 'info',
  label: 'PH',
  timestamp: '2023-06-15T09:11:12.846Z'
}
{
  message: 'Database is connecting successfully',
  level: 'info',
  label: 'PH',
  timestamp: '2023-06-15T09:11:50.469Z'
}
{
  message: 'Application listening on port 5000',
  level: 'info',
  label: 'PH',
  timestamp: '2023-06-15T09:11:50.477Z'
}
{
  message: 'Database is connecting successfully',
  level: 'info',
  label: 'PH',
  timestamp: '2023-06-15T09:46:37.657Z'
}
{
  message: 'Application listening on port 5000',
  level: 'info',
  label: 'PH',
  timestamp: '2023-06-15T09:46:37.670Z'
}
{
  message: 'Database is connecting successfully',
  level: 'info',
  label: 'PH',
  timestamp: '2023-06-15T09:57:13.738Z'
}
{
  message: 'Application listening on port 5000',
  level: 'info',
  label: 'PH',
  timestamp: '2023-06-15T09:57:13.747Z'
}
