{
  message: 'Database is connecting successfully',
  level: 'info',
  label: 'PH',
  timestamp: '2023-06-15T06:00:49.788Z'
}
{
  message: 'Application listening on port 5000',
  level: 'info',
  label: 'PH',
  timestamp: '2023-06-15T06:00:49.796Z'
}
{
  message: 'Database is connecting successfully',
  level: 'info',
  label: 'PH',
  timestamp: '2023-06-15T06:35:24.754Z'
}
{
  message: 'Application listening on port 5000',
  level: 'info',
  label: 'PH',
  timestamp: '2023-06-15T06:35:24.761Z'
}
{
  message: 'Database is connecting successfully',
  level: 'info',
  label: 'PH',
  timestamp: '2023-06-15T06:36:44.720Z'
}
{
  message: 'Application listening on port 5000',
  level: 'info',
  label: 'PH',
  timestamp: '2023-06-15T06:36:44.728Z'
}
