{
  message: 'Database is connecting successfully',
  level: 'info',
  label: 'PH',
  timestamp: '2023-06-15T07:16:27.242Z'
}
{
  message: 'Application listening on port 5000',
  level: 'info',
  label: 'PH',
  timestamp: '2023-06-15T07:16:27.249Z'
}
{
  message: 'Database is connecting successfully',
  level: 'info',
  label: 'PH',
  timestamp: '2023-06-15T07:33:19.562Z'
}
{
  message: 'Application listening on port 5000',
  level: 'info',
  label: 'PH',
  timestamp: '2023-06-15T07:33:19.569Z'
}
{
  message: 'Database is connecting successfully',
  level: 'info',
  label: 'PH',
  timestamp: '2023-06-15T07:35:12.863Z'
}
{
  message: 'Application listening on port 5000',
  level: 'info',
  label: 'PH',
  timestamp: '2023-06-15T07:35:12.870Z'
}
{
  message: 'Database is connecting successfully',
  level: 'info',
  label: 'PH',
  timestamp: '2023-06-15T07:38:39.436Z'
}
{
  message: 'Application listening on port 5000',
  level: 'info',
  label: 'PH',
  timestamp: '2023-06-15T07:38:39.443Z'
}
{
  message: 'Database is connecting successfully',
  level: 'info',
  label: 'PH',
  timestamp: '2023-06-15T07:39:03.960Z'
}
{
  message: 'Application listening on port 5000',
  level: 'info',
  label: 'PH',
  timestamp: '2023-06-15T07:39:03.967Z'
}
{
  message: 'Database is connecting successfully',
  level: 'info',
  label: 'PH',
  timestamp: '2023-06-15T07:39:11.926Z'
}
{
  message: 'Application listening on port 5000',
  level: 'info',
  label: 'PH',
  timestamp: '2023-06-15T07:39:11.933Z'
}
{
  message: 'Database is connecting successfully',
  level: 'info',
  label: 'PH',
  timestamp: '2023-06-15T07:41:10.855Z'
}
{
  message: 'Application listening on port 5000',
  level: 'info',
  label: 'PH',
  timestamp: '2023-06-15T07:41:10.864Z'
}
